# JRE version: Java(TM) SE Runtime Environment (14.0.2+12) (build 14.0.2+12-46)
# Java VM: Java HotSpot(TM) 64-Bit Server VM (14.0.2+12-46, mixed mode, sharing, tiered, compressed oops, g1 gc, windows-amd64)
Heap:
 garbage-first heap   total 107520K, used 48594K [0x0000000081c00000, 0x0000000100000000)
  region size 1024K, 4 young (4096K), 1 survivors (1024K)
 Metaspace       used 35017K, capacity 36391K, committed 36528K, reserved 1081344K
  class space    used 4505K, capacity 5070K, committed 5120K, reserved 1048576K
GC Heap History (20 events):
Event: 38.621 GC heap before
{Heap before GC invocations=56 (full 0):
 garbage-first heap   total 107520K, used 49585K [0x0000000081c00000, 0x0000000100000000)
  region size 1024K, 3 young (3072K), 1 survivors (1024K)
 Metaspace       used 34907K, capacity 36262K, committed 36528K, reserved 1081344K
  class space    used 4505K, capacity 5070K, committed 5120K, reserved 1048576K
}
Event: 38.625 GC heap after
{Heap after GC invocations=57 (full 0):
 garbage-first heap   total 107520K, used 32122K [0x0000000081c00000, 0x0000000100000000)
  region size 1024K, 1 young (1024K), 1 survivors (1024K)
 Metaspace       used 34907K, capacity 36262K, committed 36528K, reserved 1081344K
  class space    used 4505K, capacity 5070K, committed 5120K, reserved 1048576K
}
Event: 39.408 GC heap before
{Heap before GC invocations=58 (full 0):
 garbage-first heap   total 107520K, used 49530K [0x0000000081c00000, 0x0000000100000000)
  region size 1024K, 3 young (3072K), 1 survivors (1024K)
 Metaspace       used 34910K, capacity 36326K, committed 36528K, reserved 1081344K
  class space    used 4505K, capacity 5070K, committed 5120K, reserved 1048576K
}
Event: 39.412 GC heap after
{Heap after GC invocations=59 (full 0):
 garbage-first heap   total 107520K, used 32165K [0x0000000081c00000, 0x0000000100000000)
  region size 1024K, 1 young (1024K), 1 survivors (1024K)
 Metaspace       used 34910K, capacity 36326K, committed 36528K, reserved 1081344K
  class space    used 4505K, capacity 5070K, committed 5120K, reserved 1048576K
}
Event: 40.188 GC heap before
{Heap before GC invocations=60 (full 0):
 garbage-first heap   total 107520K, used 49573K [0x0000000081c00000, 0x0000000100000000)
  region size 1024K, 3 young (3072K), 1 survivors (1024K)
 Metaspace       used 34917K, capacity 36326K, committed 36528K, reserved 1081344K
  class space    used 4505K, capacity 5070K, committed 5120K, reserved 1048576K
}
Event: 40.192 GC heap after
{Heap after GC invocations=61 (full 0):
 garbage-first heap   total 107520K, used 32166K [0x0000000081c00000, 0x0000000100000000)
  region size 1024K, 1 young (1024K), 1 survivors (1024K)
 Metaspace       used 34917K, capacity 36326K, committed 36528K, reserved 1081344K
  class space    used 4505K, capacity 5070K, committed 5120K, reserved 1048576K
}
Event: 40.973 GC heap before
{Heap before GC invocations=62 (full 0):
 garbage-first heap   total 107520K, used 49574K [0x0000000081c00000, 0x0000000100000000)
  region size 1024K, 3 young (3072K), 1 survivors (1024K)
 Metaspace       used 34933K, capacity 36326K, committed 36528K, reserved 1081344K
  class space    used 4505K, capacity 5070K, committed 5120K, reserved 1048576K
}
Event: 40.977 GC heap after
{Heap after GC invocations=63 (full 0):
 garbage-first heap   total 107520K, used 32177K [0x0000000081c00000, 0x0000000100000000)
  region size 1024K, 1 young (1024K), 1 survivors (1024K)
 Metaspace       used 34933K, capacity 36326K, committed 36528K, reserved 1081344K
  class space    used 4505K, capacity 5070K, committed 5120K, reserved 1048576K
}
Event: 41.759 GC heap before
{Heap before GC invocations=64 (full 0):
 garbage-first heap   total 107520K, used 49585K [0x0000000081c00000, 0x0000000100000000)
  region size 1024K, 3 young (3072K), 1 survivors (1024K)
 Metaspace       used 34940K, capacity 36327K, committed 36528K, reserved 1081344K
  class space    used 4505K, capacity 5070K, committed 5120K, reserved 1048576K
}
Event: 41.763 GC heap after
{Heap after GC invocations=65 (full 0):
 garbage-first heap   total 107520K, used 32145K [0x0000000081c00000, 0x0000000100000000)
  region size 1024K, 1 young (1024K), 1 survivors (1024K)
 Metaspace       used 34940K, capacity 36327K, committed 36528K, reserved 1081344K
  class space    used 4505K, capacity 5070K, committed 5120K, reserved 1048576K
}
Event: 42.543 GC heap before
{Heap before GC invocations=66 (full 0):
 garbage-first heap   total 107520K, used 49553K [0x0000000081c00000, 0x0000000100000000)
  region size 1024K, 3 young (3072K), 1 survivors (1024K)
 Metaspace       used 34942K, capacity 36327K, committed 36528K, reserved 1081344K
  class space    used 4505K, capacity 5070K, committed 5120K, reserved 1048576K
}
Event: 42.546 GC heap after
{Heap after GC invocations=67 (full 0):
 garbage-first heap   total 107520K, used 32178K [0x0000000081c00000, 0x0000000100000000)
  region size 1024K, 1 young (1024K), 1 survivors (1024K)
 Metaspace       used 34942K, capacity 36327K, committed 36528K, reserved 1081344K
  class space    used 4505K, capacity 5070K, committed 5120K, reserved 1048576K
}
Event: 43.323 GC heap before
{Heap before GC invocations=68 (full 0):
 garbage-first heap   total 107520K, used 49586K [0x0000000081c00000, 0x0000000100000000)
  region size 1024K, 3 young (3072K), 1 survivors (1024K)
 Metaspace       used 34970K, capacity 36327K, committed 36528K, reserved 1081344K
  class space    used 4505K, capacity 5070K, committed 5120K, reserved 1048576K
}
Event: 43.326 GC heap after
{Heap after GC invocations=69 (full 0):
 garbage-first heap   total 107520K, used 32185K [0x0000000081c00000, 0x0000000100000000)
  region size 1024K, 1 young (1024K), 1 survivors (1024K)
 Metaspace       used 34970K, capacity 36327K, committed 36528K, reserved 1081344K
  class space    used 4505K, capacity 5070K, committed 5120K, reserved 1048576K
}
Event: 44.106 GC heap before
{Heap before GC invocations=70 (full 0):
 garbage-first heap   total 107520K, used 49593K [0x0000000081c00000, 0x0000000100000000)
  region size 1024K, 3 young (3072K), 1 survivors (1024K)
 Metaspace       used 35005K, capacity 36391K, committed 36528K, reserved 1081344K
  class space    used 4505K, capacity 5070K, committed 5120K, reserved 1048576K
}
Event: 44.109 GC heap after
{Heap after GC invocations=71 (full 0):
 garbage-first heap   total 107520K, used 32214K [0x0000000081c00000, 0x0000000100000000)
  region size 1024K, 1 young (1024K), 1 survivors (1024K)
 Metaspace       used 35005K, capacity 36391K, committed 36528K, reserved 1081344K
  class space    used 4505K, capacity 5070K, committed 5120K, reserved 1048576K
}
Event: 44.847 GC heap before
{Heap before GC invocations=72 (full 0):
 garbage-first heap   total 107520K, used 48598K [0x0000000081c00000, 0x0000000100000000)
  region size 1024K, 3 young (3072K), 1 survivors (1024K)
 Metaspace       used 35005K, capacity 36391K, committed 36528K, reserved 1081344K
  class space    used 4505K, capacity 5070K, committed 5120K, reserved 1048576K
}
Event: 44.849 GC heap after
{Heap after GC invocations=73 (full 0):
 garbage-first heap   total 107520K, used 32223K [0x0000000081c00000, 0x0000000100000000)
  region size 1024K, 1 young (1024K), 1 survivors (1024K)
 Metaspace       used 35005K, capacity 36391K, committed 36528K, reserved 1081344K
  class space    used 4505K, capacity 5070K, committed 5120K, reserved 1048576K
}
Event: 45.564 GC heap before
{Heap before GC invocations=74 (full 0):
 garbage-first heap   total 107520K, used 48607K [0x0000000081c00000, 0x0000000100000000)
  region size 1024K, 3 young (3072K), 1 survivors (1024K)
 Metaspace       used 35005K, capacity 36391K, committed 36528K, reserved 1081344K
  class space    used 4505K, capacity 5070K, committed 5120K, reserved 1048576K
}
Event: 45.566 GC heap after
{Heap after GC invocations=75 (full 0):
 garbage-first heap   total 107520K, used 32210K [0x0000000081c00000, 0x0000000100000000)
  region size 1024K, 1 young (1024K), 1 survivors (1024K)
 Metaspace       used 35005K, capacity 36391K, committed 36528K, reserved 1081344K
  class space    used 4505K, capacity 5070K, committed 5120K, reserved 1048576K
}

