# JRE version: OpenJDK Runtime Environment (18.0.1.1+2) (build 18.0.1.1+2-6)
# Java VM: OpenJDK 64-Bit Server VM (18.0.1.1+2-6, mixed mode, sharing, tiered, compressed oops, compressed class ptrs, g1 gc, windows-amd64)
GC Precious Log:
 CardTable entry size: 512
 Card Set container configuration: InlinePtr #cards 5 size 8 Array Of Cards #cards 12 size 40 Howl #buckets 4 coarsen threshold 1843 Howl Bitmap #cards 512 size 80 coarsen threshold 460 Card regions per heap region 1 cards per card region 2048
 CPUs: 4 total, 4 available
 Memory: 8078M
 Large Page Support: Disabled
 NUMA Support: Disabled
 Compressed Oops: Enabled (32-bit)
 Heap Region Size: 1M
 Heap Min Capacity: 8M
 Heap Initial Capacity: 128M
 Heap Max Capacity: 2020M
 Pre-touch: Disabled
 Parallel Workers: 4
 Concurrent Workers: 1
 Concurrent Refinement Workers: 4
 Periodic GC: Disabled
Heap:
 garbage-first heap   total 86016K, used 52942K [0x0000000081c00000, 0x0000000100000000)
  region size 1024K, 20 young (20480K), 4 survivors (4096K)
 Metaspace       used 30955K, committed 31296K, reserved 1114112K
  class space    used 3940K, committed 4096K, reserved 1048576K
GC Heap History (16 events):
Event: 4.220 GC heap before
{Heap before GC invocations=0 (full 0):
 garbage-first heap   total 131072K, used 17408K [0x0000000081c00000, 0x0000000100000000)
  region size 1024K, 13 young (13312K), 0 survivors (0K)
 Metaspace       used 1712K, committed 1920K, reserved 1114112K
  class space    used 144K, committed 256K, reserved 1048576K
}
Event: 4.286 GC heap after
{Heap after GC invocations=1 (full 0):
 garbage-first heap   total 131072K, used 9001K [0x0000000081c00000, 0x0000000100000000)
  region size 1024K, 2 young (2048K), 2 survivors (2048K)
 Metaspace       used 1712K, committed 1920K, reserved 1114112K
  class space    used 144K, committed 256K, reserved 1048576K
}
Event: 4.804 GC heap before
{Heap before GC invocations=1 (full 0):
 garbage-first heap   total 131072K, used 15145K [0x0000000081c00000, 0x0000000100000000)
  region size 1024K, 6 young (6144K), 2 survivors (2048K)
 Metaspace       used 2724K, committed 2880K, reserved 1114112K
  class space    used 247K, committed 320K, reserved 1048576K
}
Event: 4.813 GC heap after
{Heap after GC invocations=2 (full 0):
 garbage-first heap   total 131072K, used 12288K [0x0000000081c00000, 0x0000000100000000)
  region size 1024K, 1 young (1024K), 1 survivors (1024K)
 Metaspace       used 2724K, committed 2880K, reserved 1114112K
  class space    used 247K, committed 320K, reserved 1048576K
}
Event: 6.484 GC heap before
{Heap before GC invocations=2 (full 0):
 garbage-first heap   total 131072K, used 26624K [0x0000000081c00000, 0x0000000100000000)
  region size 1024K, 15 young (15360K), 1 survivors (1024K)
 Metaspace       used 4573K, committed 4800K, reserved 1114112K
  class space    used 454K, committed 576K, reserved 1048576K
}
Event: 6.490 GC heap after
{Heap after GC invocations=3 (full 0):
 garbage-first heap   total 131072K, used 14625K [0x0000000081c00000, 0x0000000100000000)
  region size 1024K, 2 young (2048K), 2 survivors (2048K)
 Metaspace       used 4573K, committed 4800K, reserved 1114112K
  class space    used 454K, committed 576K, reserved 1048576K
}
Event: 8.370 GC heap before
{Heap before GC invocations=3 (full 0):
 garbage-first heap   total 131072K, used 41249K [0x0000000081c00000, 0x0000000100000000)
  region size 1024K, 24 young (24576K), 2 survivors (2048K)
 Metaspace       used 8138K, committed 8448K, reserved 1114112K
  class space    used 862K, committed 1024K, reserved 1048576K
}
Event: 8.382 GC heap after
{Heap after GC invocations=4 (full 0):
 garbage-first heap   total 131072K, used 23692K [0x0000000081c00000, 0x0000000100000000)
  region size 1024K, 3 young (3072K), 3 survivors (3072K)
 Metaspace       used 8138K, committed 8448K, reserved 1114112K
  class space    used 862K, committed 1024K, reserved 1048576K
}
Event: 20.389 GC heap before
{Heap before GC invocations=4 (full 0):
 garbage-first heap   total 131072K, used 70796K [0x0000000081c00000, 0x0000000100000000)
  region size 1024K, 49 young (50176K), 3 survivors (3072K)
 Metaspace       used 21232K, committed 21504K, reserved 1114112K
  class space    used 2637K, committed 2752K, reserved 1048576K
}
Event: 20.407 GC heap after
{Heap after GC invocations=5 (full 0):
 garbage-first heap   total 131072K, used 32536K [0x0000000081c00000, 0x0000000100000000)
  region size 1024K, 9 young (9216K), 9 survivors (9216K)
 Metaspace       used 21232K, committed 21504K, reserved 1114112K
  class space    used 2637K, committed 2752K, reserved 1048576K
}
Event: 116.771 GC heap before
{Heap before GC invocations=6 (full 0):
 garbage-first heap   total 86016K, used 67352K [0x0000000081c00000, 0x0000000100000000)
  region size 1024K, 50 young (51200K), 9 survivors (9216K)
 Metaspace       used 28537K, committed 28864K, reserved 1114112K
  class space    used 3788K, committed 3968K, reserved 1048576K
}
Event: 116.790 GC heap after
{Heap after GC invocations=7 (full 0):
 garbage-first heap   total 86016K, used 30688K [0x0000000081c00000, 0x0000000100000000)
  region size 1024K, 6 young (6144K), 6 survivors (6144K)
 Metaspace       used 28537K, committed 28864K, reserved 1114112K
  class space    used 3788K, committed 3968K, reserved 1048576K
}
Event: 116.797 GC heap before
{Heap before GC invocations=7 (full 0):
 garbage-first heap   total 86016K, used 31712K [0x0000000081c00000, 0x0000000100000000)
  region size 1024K, 7 young (7168K), 6 survivors (6144K)
 Metaspace       used 28542K, committed 28864K, reserved 1114112K
  class space    used 3788K, committed 3968K, reserved 1048576K
}
Event: 116.803 GC heap after
{Heap after GC invocations=8 (full 0):
 garbage-first heap   total 86016K, used 28721K [0x0000000081c00000, 0x0000000100000000)
  region size 1024K, 1 young (1024K), 1 survivors (1024K)
 Metaspace       used 28542K, committed 28864K, reserved 1114112K
  class space    used 3788K, committed 3968K, reserved 1048576K
}
Event: 120.081 GC heap before
{Heap before GC invocations=8 (full 0):
 garbage-first heap   total 86016K, used 56369K [0x0000000081c00000, 0x0000000100000000)
  region size 1024K, 29 young (29696K), 1 survivors (1024K)
 Metaspace       used 30234K, committed 30592K, reserved 1114112K
  class space    used 3929K, committed 4096K, reserved 1048576K
}
Event: 120.094 GC heap after
{Heap after GC invocations=9 (full 0):
 garbage-first heap   total 86016K, used 37582K [0x0000000081c00000, 0x0000000100000000)
  region size 1024K, 4 young (4096K), 4 survivors (4096K)
 Metaspace       used 30234K, committed 30592K, reserved 1114112K
  class space    used 3929K, committed 4096K, reserved 1048576K
}

